<?xml version="1.0" encoding="UTF-8"?>
<testng-results ignored="0" total="1" passed="1" failed="0" skipped="0">
  <reporter-output>
  </reporter-output>
  <suite started-at="2024-01-11T20:52:14 IST" name="Suite" finished-at="2024-01-11T20:52:14 IST" duration-ms="65">
    <groups>
    </groups>
    <test started-at="2024-01-11T20:52:14 IST" name="Test" finished-at="2024-01-11T20:52:14 IST" duration-ms="65">
      <class name="TestNG.Introduction">
        <test-method signature="Testcase1()[pri:0, instance:TestNG.Introduction@50a638b5]" started-at="2024-01-11T20:52:14 IST" name="Testcase1" finished-at="2024-01-11T20:52:14 IST" duration-ms="16" status="PASS">
          <reporter-output>
          </reporter-output>
        </test-method> <!-- Testcase1 -->
      </class> <!-- TestNG.Introduction -->
    </test> <!-- Test -->
  </suite> <!-- Suite -->
</testng-results>
